<?xml version="1.0" encoding="UTF-8"?>
<testsuite name="com.mindex.challenge.ChallengeApplicationTests" tests="1" skipped="0" failures="0" errors="0" timestamp="2019-06-25T14:56:20" hostname="DESKTOP-1A5GHMB" time="0.037">
  <properties/>
  <testcase name="contextLoads" classname="com.mindex.challenge.ChallengeApplicationTests" time="0.037"/>
  <system-out><![CDATA[10:56:16.665 [Test worker] DEBUG org.springframework.test.context.junit4.SpringJUnit4ClassRunner - SpringJUnit4ClassRunner constructor called with [class com.mindex.challenge.ChallengeApplicationTests]
10:56:16.671 [Test worker] DEBUG org.springframework.test.context.BootstrapUtils - Instantiating CacheAwareContextLoaderDelegate from class [org.springframework.test.context.cache.DefaultCacheAwareContextLoaderDelegate]
10:56:16.680 [Test worker] DEBUG org.springframework.test.context.BootstrapUtils - Instantiating BootstrapContext using constructor [public org.springframework.test.context.support.DefaultBootstrapContext(java.lang.Class,org.springframework.test.context.CacheAwareContextLoaderDelegate)]
10:56:16.696 [Test worker] DEBUG org.springframework.test.context.BootstrapUtils - Instantiating TestContextBootstrapper for test class [com.mindex.challenge.ChallengeApplicationTests] from class [org.springframework.boot.test.context.SpringBootTestContextBootstrapper]
10:56:16.713 [Test worker] INFO org.springframework.boot.test.context.SpringBootTestContextBootstrapper - Neither @ContextConfiguration nor @ContextHierarchy found for test class [com.mindex.challenge.ChallengeApplicationTests], using SpringBootContextLoader
10:56:16.718 [Test worker] DEBUG org.springframework.test.context.support.AbstractContextLoader - Did not detect default resource location for test class [com.mindex.challenge.ChallengeApplicationTests]: class path resource [com/mindex/challenge/ChallengeApplicationTests-context.xml] does not exist
10:56:16.719 [Test worker] DEBUG org.springframework.test.context.support.AbstractContextLoader - Did not detect default resource location for test class [com.mindex.challenge.ChallengeApplicationTests]: class path resource [com/mindex/challenge/ChallengeApplicationTestsContext.groovy] does not exist
10:56:16.719 [Test worker] INFO org.springframework.test.context.support.AbstractContextLoader - Could not detect default resource locations for test class [com.mindex.challenge.ChallengeApplicationTests]: no resource found for suffixes {-context.xml, Context.groovy}.
10:56:16.719 [Test worker] INFO org.springframework.test.context.support.AnnotationConfigContextLoaderUtils - Could not detect default configuration classes for test class [com.mindex.challenge.ChallengeApplicationTests]: ChallengeApplicationTests does not declare any static, non-private, non-final, nested classes annotated with @Configuration.
10:56:16.764 [Test worker] DEBUG org.springframework.test.context.support.ActiveProfilesUtils - Could not find an 'annotation declaring class' for annotation type [org.springframework.test.context.ActiveProfiles] and class [com.mindex.challenge.ChallengeApplicationTests]
10:56:16.779 [Test worker] DEBUG org.springframework.core.env.StandardEnvironment - Adding [systemProperties] PropertySource with lowest search precedence
10:56:16.780 [Test worker] DEBUG org.springframework.core.env.StandardEnvironment - Adding [systemEnvironment] PropertySource with lowest search precedence
10:56:16.780 [Test worker] DEBUG org.springframework.core.env.StandardEnvironment - Initialized StandardEnvironment with PropertySources [systemProperties,systemEnvironment]
10:56:16.791 [Test worker] DEBUG org.springframework.core.io.support.PathMatchingResourcePatternResolver - Resolved classpath location [com/mindex/challenge/] to resources [URL [file:/C:/Users/Laura/Documents/programming/Mindex/attempt%201/build/classes/java/test/com/mindex/challenge/], URL [file:/C:/Users/Laura/Documents/programming/Mindex/attempt%201/build/classes/java/main/com/mindex/challenge/]]
10:56:16.791 [Test worker] DEBUG org.springframework.core.io.support.PathMatchingResourcePatternResolver - Looking for matching resources in directory tree [C:\Users\Laura\Documents\programming\Mindex\attempt 1\build\classes\java\test\com\mindex\challenge]
10:56:16.792 [Test worker] DEBUG org.springframework.core.io.support.PathMatchingResourcePatternResolver - Searching directory [C:\Users\Laura\Documents\programming\Mindex\attempt 1\build\classes\java\test\com\mindex\challenge] for files matching pattern [C:/Users/Laura/Documents/programming/Mindex/attempt 1/build/classes/java/test/com/mindex/challenge/*.class]
10:56:16.797 [Test worker] DEBUG org.springframework.core.io.support.PathMatchingResourcePatternResolver - Looking for matching resources in directory tree [C:\Users\Laura\Documents\programming\Mindex\attempt 1\build\classes\java\main\com\mindex\challenge]
10:56:16.797 [Test worker] DEBUG org.springframework.core.io.support.PathMatchingResourcePatternResolver - Searching directory [C:\Users\Laura\Documents\programming\Mindex\attempt 1\build\classes\java\main\com\mindex\challenge] for files matching pattern [C:/Users/Laura/Documents/programming/Mindex/attempt 1/build/classes/java/main/com/mindex/challenge/*.class]
10:56:16.799 [Test worker] DEBUG org.springframework.core.io.support.PathMatchingResourcePatternResolver - Resolved location pattern [classpath*:com/mindex/challenge/*.class] to resources [file [C:\Users\Laura\Documents\programming\Mindex\attempt 1\build\classes\java\test\com\mindex\challenge\ChallengeApplicationTests.class], file [C:\Users\Laura\Documents\programming\Mindex\attempt 1\build\classes\java\test\com\mindex\challenge\DataBootstrapTest.class], file [C:\Users\Laura\Documents\programming\Mindex\attempt 1\build\classes\java\main\com\mindex\challenge\ChallengeApplication.class], file [C:\Users\Laura\Documents\programming\Mindex\attempt 1\build\classes\java\main\com\mindex\challenge\DataBootstrap.class], file [C:\Users\Laura\Documents\programming\Mindex\attempt 1\build\classes\java\main\com\mindex\challenge\FongoConfiguration.class]]
10:56:16.845 [Test worker] DEBUG org.springframework.context.annotation.ClassPathScanningCandidateComponentProvider - Identified candidate component class: file [C:\Users\Laura\Documents\programming\Mindex\attempt 1\build\classes\java\main\com\mindex\challenge\ChallengeApplication.class]
10:56:16.857 [Test worker] INFO org.springframework.boot.test.context.SpringBootTestContextBootstrapper - Found @SpringBootConfiguration com.mindex.challenge.ChallengeApplication for test class com.mindex.challenge.ChallengeApplicationTests
10:56:16.862 [Test worker] DEBUG org.springframework.boot.test.context.SpringBootTestContextBootstrapper - @TestExecutionListeners is not present for class [com.mindex.challenge.ChallengeApplicationTests]: using defaults.
10:56:16.869 [Test worker] INFO org.springframework.boot.test.context.SpringBootTestContextBootstrapper - Loaded default TestExecutionListener class names from location [META-INF/spring.factories]: [org.springframework.boot.test.autoconfigure.restdocs.RestDocsTestExecutionListener, org.springframework.boot.test.autoconfigure.web.client.MockRestServiceServerResetTestExecutionListener, org.springframework.boot.test.autoconfigure.web.servlet.MockMvcPrintOnlyOnFailureTestExecutionListener, org.springframework.boot.test.autoconfigure.web.servlet.WebDriverTestExecutionListener, org.springframework.boot.test.mock.mockito.MockitoTestExecutionListener, org.springframework.boot.test.mock.mockito.ResetMocksTestExecutionListener, org.springframework.test.context.web.ServletTestExecutionListener, org.springframework.test.context.support.DirtiesContextBeforeModesTestExecutionListener, org.springframework.test.context.support.DependencyInjectionTestExecutionListener, org.springframework.test.context.support.DirtiesContextTestExecutionListener, org.springframework.test.context.transaction.TransactionalTestExecutionListener, org.springframework.test.context.jdbc.SqlScriptsTestExecutionListener]
10:56:16.890 [Test worker] INFO org.springframework.boot.test.context.SpringBootTestContextBootstrapper - Using TestExecutionListeners: [org.springframework.test.context.web.ServletTestExecutionListener@2c927e4, org.springframework.test.context.support.DirtiesContextBeforeModesTestExecutionListener@5f03d965, org.springframework.boot.test.autoconfigure.SpringBootDependencyInjectionTestExecutionListener@8b1a661, org.springframework.test.context.support.DirtiesContextTestExecutionListener@3b71ebe1, org.springframework.test.context.transaction.TransactionalTestExecutionListener@70cc1d6c, org.springframework.test.context.jdbc.SqlScriptsTestExecutionListener@31c52ae1, org.springframework.boot.test.autoconfigure.web.client.MockRestServiceServerResetTestExecutionListener@34421016, org.springframework.boot.test.autoconfigure.web.servlet.WebDriverTestExecutionListener@d8cb9c, org.springframework.boot.test.mock.mockito.MockitoTestExecutionListener@10ef9196, org.springframework.boot.test.mock.mockito.ResetMocksTestExecutionListener@8e52348, org.springframework.boot.test.autoconfigure.restdocs.RestDocsTestExecutionListener@2c8350e2, org.springframework.boot.test.autoconfigure.web.servlet.MockMvcPrintOnlyOnFailureTestExecutionListener@6ac1fac5]
10:56:16.893 [Test worker] DEBUG org.springframework.test.annotation.ProfileValueUtils - Retrieved @ProfileValueSourceConfiguration [null] for test class [com.mindex.challenge.ChallengeApplicationTests]
10:56:16.894 [Test worker] DEBUG org.springframework.test.annotation.ProfileValueUtils - Retrieved ProfileValueSource type [class org.springframework.test.annotation.SystemProfileValueSource] for class [com.mindex.challenge.ChallengeApplicationTests]
10:56:16.894 [Test worker] DEBUG org.springframework.test.annotation.ProfileValueUtils - Retrieved @ProfileValueSourceConfiguration [null] for test class [com.mindex.challenge.ChallengeApplicationTests]
10:56:16.895 [Test worker] DEBUG org.springframework.test.annotation.ProfileValueUtils - Retrieved ProfileValueSource type [class org.springframework.test.annotation.SystemProfileValueSource] for class [com.mindex.challenge.ChallengeApplicationTests]
10:56:16.899 [Test worker] DEBUG org.springframework.test.context.support.AbstractDirtiesContextTestExecutionListener - Before test class: context [DefaultTestContext@1805afd1 testClass = ChallengeApplicationTests, testInstance = [null], testMethod = [null], testException = [null], mergedContextConfiguration = [WebMergedContextConfiguration@1487f397 testClass = ChallengeApplicationTests, locations = '{}', classes = '{class com.mindex.challenge.ChallengeApplication}', contextInitializerClasses = '[]', activeProfiles = '{}', propertySourceLocations = '{}', propertySourceProperties = '{org.springframework.boot.test.context.SpringBootTestContextBootstrapper=true}', contextCustomizers = set[org.springframework.boot.test.autoconfigure.properties.PropertyMappingContextCustomizer@0, org.springframework.boot.test.autoconfigure.web.servlet.WebDriverContextCustomizerFactory$Customizer@45e0ad86, org.springframework.boot.test.context.SpringBootTestContextCustomizer@19d87ebd, org.springframework.boot.test.context.filter.ExcludeFilterContextCustomizer@2ecb2be5, org.springframework.boot.test.json.DuplicateJsonObjectContextCustomizerFactory$DuplicateJsonObjectContextCustomizer@2b72db4b, org.springframework.boot.test.mock.mockito.MockitoContextCustomizer@0], resourceBasePath = 'src/main/webapp', contextLoader = 'org.springframework.boot.test.context.SpringBootContextLoader', parent = [null]]], class annotated with @DirtiesContext [false] with mode [null].
10:56:16.899 [Test worker] DEBUG org.springframework.test.annotation.ProfileValueUtils - Retrieved @ProfileValueSourceConfiguration [null] for test class [com.mindex.challenge.ChallengeApplicationTests]
10:56:16.899 [Test worker] DEBUG org.springframework.test.annotation.ProfileValueUtils - Retrieved ProfileValueSource type [class org.springframework.test.annotation.SystemProfileValueSource] for class [com.mindex.challenge.ChallengeApplicationTests]
10:56:16.987 [Test worker] DEBUG org.springframework.core.env.StandardEnvironment - Adding [systemProperties] PropertySource with lowest search precedence
10:56:16.987 [Test worker] DEBUG org.springframework.core.env.StandardEnvironment - Adding [systemEnvironment] PropertySource with lowest search precedence
10:56:16.987 [Test worker] DEBUG org.springframework.core.env.StandardEnvironment - Initialized StandardEnvironment with PropertySources [systemProperties,systemEnvironment]
10:56:16.989 [Test worker] DEBUG org.springframework.core.env.MutablePropertySources - Adding [inline] PropertySource with highest search precedence
10:56:16.997 [Test worker] DEBUG org.springframework.test.context.support.TestPropertySourceUtils - Adding inlined properties to environment: {spring.jmx.enabled=false, org.springframework.boot.test.context.SpringBootTestContextBootstrapper=true, server.port=-1}
10:56:16.998 [Test worker] DEBUG org.springframework.core.env.StandardEnvironment - Adding [Inlined Test Properties] PropertySource with highest search precedence

  .   ____          _            __ _ _
 /\\ / ___'_ __ _ _(_)_ __  __ _ \ \ \ \
( ( )\___ | '_ | '_| | '_ \/ _` | \ \ \ \
 \\/  ___)| |_)| | | | | || (_| |  ) ) ) )
  '  |____| .__|_| |_|_| |_\__, | / / / /
 =========|_|==============|___/=/_/_/_/
 :: Spring Boot ::        (v1.5.4.RELEASE)

2019-06-25 10:56:17.282  INFO 1612 --- [    Test worker] c.m.challenge.ChallengeApplicationTests  : Starting ChallengeApplicationTests on DESKTOP-1A5GHMB with PID 1612 (started by Laura in C:\Users\Laura\Documents\programming\Mindex\attempt 1)
2019-06-25 10:56:17.283 DEBUG 1612 --- [    Test worker] c.m.challenge.ChallengeApplicationTests  : Running with Spring Boot v1.5.4.RELEASE, Spring v4.3.9.RELEASE
2019-06-25 10:56:17.283  INFO 1612 --- [    Test worker] c.m.challenge.ChallengeApplicationTests  : No active profile set, falling back to default profiles: default
2019-06-25 10:56:17.324  INFO 1612 --- [    Test worker] o.s.w.c.s.GenericWebApplicationContext   : Refreshing org.springframework.web.context.support.GenericWebApplicationContext@ac02df4: startup date [Tue Jun 25 10:56:17 EDT 2019]; root of context hierarchy
2019-06-25 10:56:20.085  INFO 1612 --- [    Test worker] s.w.s.m.m.a.RequestMappingHandlerAdapter : Looking for @ControllerAdvice: org.springframework.web.context.support.GenericWebApplicationContext@ac02df4: startup date [Tue Jun 25 10:56:17 EDT 2019]; root of context hierarchy
2019-06-25 10:56:20.171  INFO 1612 --- [    Test worker] s.w.s.m.m.a.RequestMappingHandlerMapping : Mapped "{[/employee/{id}],methods=[PUT]}" onto public com.mindex.challenge.data.Employee com.mindex.challenge.controller.EmployeeController.update(java.lang.String,com.mindex.challenge.data.Employee)
2019-06-25 10:56:20.172  INFO 1612 --- [    Test worker] s.w.s.m.m.a.RequestMappingHandlerMapping : Mapped "{[/employee/{id}],methods=[GET]}" onto public com.mindex.challenge.data.Employee com.mindex.challenge.controller.EmployeeController.read(java.lang.String)
2019-06-25 10:56:20.172  INFO 1612 --- [    Test worker] s.w.s.m.m.a.RequestMappingHandlerMapping : Mapped "{[/employee],methods=[POST]}" onto public com.mindex.challenge.data.Employee com.mindex.challenge.controller.EmployeeController.create(com.mindex.challenge.data.Employee)
2019-06-25 10:56:20.173  INFO 1612 --- [    Test worker] s.w.s.m.m.a.RequestMappingHandlerMapping : Mapped "{[/report/{id}],methods=[POST]}" onto public com.mindex.challenge.data.ReportingStructure com.mindex.challenge.controller.ReportingStructureController.create(java.lang.String)
2019-06-25 10:56:20.176  INFO 1612 --- [    Test worker] s.w.s.m.m.a.RequestMappingHandlerMapping : Mapped "{[/error]}" onto public org.springframework.http.ResponseEntity<java.util.Map<java.lang.String, java.lang.Object>> org.springframework.boot.autoconfigure.web.BasicErrorController.error(javax.servlet.http.HttpServletRequest)
2019-06-25 10:56:20.177  INFO 1612 --- [    Test worker] s.w.s.m.m.a.RequestMappingHandlerMapping : Mapped "{[/error],produces=[text/html]}" onto public org.springframework.web.servlet.ModelAndView org.springframework.boot.autoconfigure.web.BasicErrorController.errorHtml(javax.servlet.http.HttpServletRequest,javax.servlet.http.HttpServletResponse)
2019-06-25 10:56:20.220  INFO 1612 --- [    Test worker] o.s.w.s.handler.SimpleUrlHandlerMapping  : Mapped URL path [/webjars/**] onto handler of type [class org.springframework.web.servlet.resource.ResourceHttpRequestHandler]
2019-06-25 10:56:20.220  INFO 1612 --- [    Test worker] o.s.w.s.handler.SimpleUrlHandlerMapping  : Mapped URL path [/**] onto handler of type [class org.springframework.web.servlet.resource.ResourceHttpRequestHandler]
2019-06-25 10:56:20.269  INFO 1612 --- [    Test worker] o.s.w.s.handler.SimpleUrlHandlerMapping  : Mapped URL path [/**/favicon.ico] onto handler of type [class org.springframework.web.servlet.resource.ResourceHttpRequestHandler]
2019-06-25 10:56:20.596  INFO 1612 --- [    Test worker] c.m.challenge.ChallengeApplicationTests  : Started ChallengeApplicationTests in 3.586 seconds (JVM running for 4.568)
]]></system-out>
  <system-err><![CDATA[]]></system-err>
</testsuite>
