<?xml version="1.0" encoding="UTF-8"?>
<testsuite name="com.mindex.challenge.DataBootstrapTest" tests="1" skipped="0" failures="0" errors="0" timestamp="2019-06-25T14:56:20" hostname="DESKTOP-1A5GHMB" time="0.038">
  <properties/>
  <testcase name="test" classname="com.mindex.challenge.DataBootstrapTest" time="0.038"/>
  <system-out><![CDATA[2019-06-25 10:56:20.653  INFO 1612 --- [    Test worker] .b.t.c.SpringBootTestContextBootstrapper : Neither @ContextConfiguration nor @ContextHierarchy found for test class [com.mindex.challenge.DataBootstrapTest], using SpringBootContextLoader
2019-06-25 10:56:20.654  INFO 1612 --- [    Test worker] o.s.t.c.support.AbstractContextLoader    : Could not detect default resource locations for test class [com.mindex.challenge.DataBootstrapTest]: no resource found for suffixes {-context.xml, Context.groovy}.
2019-06-25 10:56:20.654  INFO 1612 --- [    Test worker] t.c.s.AnnotationConfigContextLoaderUtils : Could not detect default configuration classes for test class [com.mindex.challenge.DataBootstrapTest]: DataBootstrapTest does not declare any static, non-private, non-final, nested classes annotated with @Configuration.
2019-06-25 10:56:20.658  INFO 1612 --- [    Test worker] .b.t.c.SpringBootTestContextBootstrapper : Found @SpringBootConfiguration com.mindex.challenge.ChallengeApplication for test class com.mindex.challenge.DataBootstrapTest
2019-06-25 10:56:20.668  INFO 1612 --- [    Test worker] .b.t.c.SpringBootTestContextBootstrapper : Loaded default TestExecutionListener class names from location [META-INF/spring.factories]: [org.springframework.boot.test.autoconfigure.restdocs.RestDocsTestExecutionListener, org.springframework.boot.test.autoconfigure.web.client.MockRestServiceServerResetTestExecutionListener, org.springframework.boot.test.autoconfigure.web.servlet.MockMvcPrintOnlyOnFailureTestExecutionListener, org.springframework.boot.test.autoconfigure.web.servlet.WebDriverTestExecutionListener, org.springframework.boot.test.mock.mockito.MockitoTestExecutionListener, org.springframework.boot.test.mock.mockito.ResetMocksTestExecutionListener, org.springframework.test.context.web.ServletTestExecutionListener, org.springframework.test.context.support.DirtiesContextBeforeModesTestExecutionListener, org.springframework.test.context.support.DependencyInjectionTestExecutionListener, org.springframework.test.context.support.DirtiesContextTestExecutionListener, org.springframework.test.context.transaction.TransactionalTestExecutionListener, org.springframework.test.context.jdbc.SqlScriptsTestExecutionListener]
2019-06-25 10:56:20.671  INFO 1612 --- [    Test worker] .b.t.c.SpringBootTestContextBootstrapper : Using TestExecutionListeners: [org.springframework.test.context.web.ServletTestExecutionListener@7a76c0c2, org.springframework.test.context.support.DirtiesContextBeforeModesTestExecutionListener@4a3dfe48, org.springframework.boot.test.autoconfigure.SpringBootDependencyInjectionTestExecutionListener@6933abb5, org.springframework.test.context.support.DirtiesContextTestExecutionListener@67290a3d, org.springframework.test.context.transaction.TransactionalTestExecutionListener@2b95b6ca, org.springframework.test.context.jdbc.SqlScriptsTestExecutionListener@effc24e, org.springframework.boot.test.autoconfigure.web.client.MockRestServiceServerResetTestExecutionListener@7ae5be27, org.springframework.boot.test.autoconfigure.web.servlet.WebDriverTestExecutionListener@55323ba4, org.springframework.boot.test.mock.mockito.MockitoTestExecutionListener@5397f42e, org.springframework.boot.test.mock.mockito.ResetMocksTestExecutionListener@230ab1a0, org.springframework.boot.test.autoconfigure.restdocs.RestDocsTestExecutionListener@74c93760, org.springframework.boot.test.autoconfigure.web.servlet.MockMvcPrintOnlyOnFailureTestExecutionListener@30e2cd46]
]]></system-out>
  <system-err><![CDATA[]]></system-err>
</testsuite>
